<?xml version="1.0" encoding="UTF-8"?>
<testsuite name="scraper.testcases.TestCases" tests="2" skipped="0" failures="0" errors="0" timestamp="2025-06-10T12:22:44" hostname="LAKESH-LAPTOP" time="34.838">
  <properties/>
  <testcase name="testCase01" classname="scraper.testcases.TestCases" time="13.062"/>
  <testcase name="testCase02" classname="scraper.testcases.TestCases" time="21.615"/>
  <system-out><![CDATA[
[INFO ] 2025-06-10 17:52:44.317 scraper.listener.Listener 17 - testCase01 : Started [Test worker]

[TRACE] 2025-06-10 17:52:44.326 scraper.listener.Listener 18 - testCase01 : Description : Go to "https://www.scrapethissite.com/pages" website and click on "Hockey Teams: Forms, Searching and Pagination"
* 1. Iterate through the table and collect the Team Name, Year and Win % for
* the teams with Win % less than 40% (0.40)
* 2. Iterate through 4 pages of this data and store it in an ArrayList
* 3. Convert the ArrayList object to a JSON file named hockey-team-data.json.
* Each Hashmap object should contain:
* a. Epoch Time of Scrape
* b. Team Name
* c. Year
* d. Win % [Test worker]
[ {
  "Team Name" : "Buffalo Sabres",
  "Epoch Time of Scrap" : "1749558171361",
  "Year" : "1990",
  "Win %" : "0.388"
}, {
  "Team Name" : "Hartford Whalers",
  "Epoch Time of Scrap" : "1749558171493",
  "Year" : "1990",
  "Win %" : "0.388"
}, {
  "Team Name" : "Minnesota North Stars",
  "Epoch Time of Scrap" : "1749558171563",
  "Year" : "1990",
  "Win %" : "0.338"
}, {
  "Team Name" : "New York Islanders",
  "Epoch Time of Scrap" : "1749558171675",
  "Year" : "1990",
  "Win %" : "0.312"
}, {
  "Team Name" : "Quebec Nordiques",
  "Epoch Time of Scrap" : "1749558171802",
  "Year" : "1990",
  "Win %" : "0.2"
}, {
  "Team Name" : "Toronto Maple Leafs",
  "Epoch Time of Scrap" : "1749558171882",
  "Year" : "1990",
  "Win %" : "0.287"
}, {
  "Team Name" : "Vancouver Canucks",
  "Epoch Time of Scrap" : "1749558171952",
  "Year" : "1990",
  "Win %" : "0.35"
}, {
  "Team Name" : "Winnipeg Jets",
  "Epoch Time of Scrap" : "1749558172051",
  "Year" : "1990",
  "Win %" : "0.325"
}, {
  "Team Name" : "Buffalo Sabres",
  "Epoch Time of Scrap" : "1749558172139",
  "Year" : "1991",
  "Win %" : "0.388"
}, {
  "Team Name" : "Calgary Flames",
  "Epoch Time of Scrap" : "1749558172197",
  "Year" : "1991",
  "Win %" : "0.388"
}, {
  "Team Name" : "Hartford Whalers",
  "Epoch Time of Scrap" : "1749558173316",
  "Year" : "1991",
  "Win %" : "0.325"
}, {
  "Team Name" : "Quebec Nordiques",
  "Epoch Time of Scrap" : "1749558173493",
  "Year" : "1991",
  "Win %" : "0.25"
}, {
  "Team Name" : "San Jose Sharks",
  "Epoch Time of Scrap" : "1749558173566",
  "Year" : "1991",
  "Win %" : "0.212"
}, {
  "Team Name" : "Toronto Maple Leafs",
  "Epoch Time of Scrap" : "1749558173613",
  "Year" : "1991",
  "Win %" : "0.375"
}, {
  "Team Name" : "Edmonton Oilers",
  "Epoch Time of Scrap" : "1749558173786",
  "Year" : "1992",
  "Win %" : "0.31"
}, {
  "Team Name" : "Hartford Whalers",
  "Epoch Time of Scrap" : "1749558173861",
  "Year" : "1992",
  "Win %" : "0.31"
}, {
  "Team Name" : "Ottawa Senators",
  "Epoch Time of Scrap" : "1749558174995",
  "Year" : "1992",
  "Win %" : "0.119"
}, {
  "Team Name" : "San Jose Sharks",
  "Epoch Time of Scrap" : "1749558175108",
  "Year" : "1992",
  "Win %" : "0.131"
}, {
  "Team Name" : "Tampa Bay Lightning",
  "Epoch Time of Scrap" : "1749558175186",
  "Year" : "1992",
  "Win %" : "0.274"
}, {
  "Team Name" : "Mighty Ducks of Anaheim",
  "Epoch Time of Scrap" : "1749558175317",
  "Year" : "1993",
  "Win %" : "0.393"
}, {
  "Team Name" : "Edmonton Oilers",
  "Epoch Time of Scrap" : "1749558175452",
  "Year" : "1993",
  "Win %" : "0.298"
}, {
  "Team Name" : "Florida Panthers",
  "Epoch Time of Scrap" : "1749558176532",
  "Year" : "1993",
  "Win %" : "0.393"
}, {
  "Team Name" : "Hartford Whalers",
  "Epoch Time of Scrap" : "1749558176616",
  "Year" : "1993",
  "Win %" : "0.321"
}, {
  "Team Name" : "Los Angeles Kings",
  "Epoch Time of Scrap" : "1749558176704",
  "Year" : "1993",
  "Win %" : "0.321"
}, {
  "Team Name" : "Ottawa Senators",
  "Epoch Time of Scrap" : "1749558176816",
  "Year" : "1993",
  "Win %" : "0.167"
}, {
  "Team Name" : "San Jose Sharks",
  "Epoch Time of Scrap" : "1749558176877",
  "Year" : "1993",
  "Win %" : "0.393"
}, {
  "Team Name" : "Tampa Bay Lightning",
  "Epoch Time of Scrap" : "1749558176943",
  "Year" : "1993",
  "Win %" : "0.357"
}, {
  "Team Name" : "Winnipeg Jets",
  "Epoch Time of Scrap" : "1749558177026",
  "Year" : "1993",
  "Win %" : "0.286"
}, {
  "Team Name" : "Mighty Ducks of Anaheim",
  "Epoch Time of Scrap" : "1749558177085",
  "Year" : "1994",
  "Win %" : "0.333"
}, {
  "Team Name" : "Dallas Stars",
  "Epoch Time of Scrap" : "1749558177198",
  "Year" : "1994",
  "Win %" : "0.354"
} ]

[INFO ] 2025-06-10 17:52:57.535 scraper.listener.Listener 26 - testCase01 Passed and Ended [Test worker]

[INFO ] 2025-06-10 17:52:57.535 scraper.listener.Listener 17 - testCase02 : Started [Test worker]

[TRACE] 2025-06-10 17:52:57.535 scraper.listener.Listener 18 - testCase02 : Description : Go to "https://www.scrapethissite.com/pages" website and click on "Oscar Winning Films"
* 1. Click on each year present on the screen and find the top 5 movies on the
* list - store in an ArrayList.
* 2. Keep a Boolean variable "isWinner" which will be true only for the best
* picture winner of that year.
* 3. Keep a variable to maintain the year from which the data is scraped
* 4. Convert the ArrayList object to a JSON file named oscar-winner-data.json.
* Each HashMap object should contain:
* a. Epoch Time of Scrape
* b. Year
* c. Title
* d. Nomination
* e. Awards
* f. isWinner
* 5. Store the file in the output folder in the root directory. Assert using
* TestNG that the file is present and not empty [Test worker]
[ {
  "Epoch Time of Scrape" : "1749558184750",
  "isWinner" : "true",
  "Awards" : "2",
  "Year" : "2015",
  "Title" : "Spotlight",
  "Nomination" : "6"
}, {
  "Epoch Time of Scrape" : "1749558184859",
  "isWinner" : "false",
  "Awards" : "6",
  "Year" : "2015",
  "Title" : "Mad Max: Fury Road",
  "Nomination" : "10"
}, {
  "Epoch Time of Scrape" : "1749558184955",
  "isWinner" : "false",
  "Awards" : "3",
  "Year" : "2015",
  "Title" : "The Revenant",
  "Nomination" : "12"
}, {
  "Epoch Time of Scrape" : "1749558185051",
  "isWinner" : "false",
  "Awards" : "1",
  "Year" : "2015",
  "Title" : "Bridge of Spies",
  "Nomination" : "6"
}, {
  "Epoch Time of Scrape" : "1749558185146",
  "isWinner" : "false",
  "Awards" : "1",
  "Year" : "2015",
  "Title" : "The Big Short",
  "Nomination" : "5"
}, {
  "Epoch Time of Scrape" : "1749558187522",
  "isWinner" : "true",
  "Awards" : "4",
  "Year" : "2014",
  "Title" : "Birdman",
  "Nomination" : "9"
}, {
  "Epoch Time of Scrape" : "1749558187616",
  "isWinner" : "false",
  "Awards" : "4",
  "Year" : "2014",
  "Title" : "The Grand Budapest Hotel",
  "Nomination" : "9"
}, {
  "Epoch Time of Scrape" : "1749558187692",
  "isWinner" : "false",
  "Awards" : "3",
  "Year" : "2014",
  "Title" : "Whiplash",
  "Nomination" : "5"
}, {
  "Epoch Time of Scrape" : "1749558187775",
  "isWinner" : "false",
  "Awards" : "1",
  "Year" : "2014",
  "Title" : "The Imitation Game",
  "Nomination" : "8"
}, {
  "Epoch Time of Scrape" : "1749558187844",
  "isWinner" : "false",
  "Awards" : "1",
  "Year" : "2014",
  "Title" : "American Sniper",
  "Nomination" : "6"
}, {
  "Epoch Time of Scrape" : "1749558190288",
  "isWinner" : "true",
  "Awards" : "3",
  "Year" : "2013",
  "Title" : "12 Years a Slave",
  "Nomination" : "9"
}, {
  "Epoch Time of Scrape" : "1749558190386",
  "isWinner" : "false",
  "Awards" : "7",
  "Year" : "2013",
  "Title" : "Gravity",
  "Nomination" : "10"
}, {
  "Epoch Time of Scrape" : "1749558190470",
  "isWinner" : "false",
  "Awards" : "3",
  "Year" : "2013",
  "Title" : "Dallas Buyers Club",
  "Nomination" : "6"
}, {
  "Epoch Time of Scrape" : "1749558190576",
  "isWinner" : "false",
  "Awards" : "2",
  "Year" : "2013",
  "Title" : "Frozen",
  "Nomination" : "2"
}, {
  "Epoch Time of Scrape" : "1749558190661",
  "isWinner" : "false",
  "Awards" : "2",
  "Year" : "2013",
  "Title" : "The Great Gatsby",
  "Nomination" : "2"
}, {
  "Epoch Time of Scrape" : "1749558193052",
  "isWinner" : "true",
  "Awards" : "3",
  "Year" : "2012",
  "Title" : "Argo",
  "Nomination" : "7"
}, {
  "Epoch Time of Scrape" : "1749558193160",
  "isWinner" : "false",
  "Awards" : "4",
  "Year" : "2012",
  "Title" : "Life of Pi",
  "Nomination" : "11"
}, {
  "Epoch Time of Scrape" : "1749558193240",
  "isWinner" : "false",
  "Awards" : "3",
  "Year" : "2012",
  "Title" : "Les Misérables",
  "Nomination" : "8"
}, {
  "Epoch Time of Scrape" : "1749558193334",
  "isWinner" : "false",
  "Awards" : "2",
  "Year" : "2012",
  "Title" : "Lincoln",
  "Nomination" : "12"
}, {
  "Epoch Time of Scrape" : "1749558193444",
  "isWinner" : "false",
  "Awards" : "2",
  "Year" : "2012",
  "Title" : "Django Unchained",
  "Nomination" : "5"
}, {
  "Epoch Time of Scrape" : "1749558195854",
  "isWinner" : "true",
  "Awards" : "5",
  "Year" : "2011",
  "Title" : "The Artist",
  "Nomination" : "10"
}, {
  "Epoch Time of Scrape" : "1749558195951",
  "isWinner" : "false",
  "Awards" : "5",
  "Year" : "2011",
  "Title" : "Hugo",
  "Nomination" : "11"
}, {
  "Epoch Time of Scrape" : "1749558196033",
  "isWinner" : "false",
  "Awards" : "2",
  "Year" : "2011",
  "Title" : "The Iron Lady",
  "Nomination" : "2"
}, {
  "Epoch Time of Scrape" : "1749558196130",
  "isWinner" : "false",
  "Awards" : "1",
  "Year" : "2011",
  "Title" : "The Descendants",
  "Nomination" : "5"
}, {
  "Epoch Time of Scrape" : "1749558196207",
  "isWinner" : "false",
  "Awards" : "1",
  "Year" : "2011",
  "Title" : "The Girl with the Dragon Tattoo",
  "Nomination" : "5"
}, {
  "Epoch Time of Scrape" : "1749558198612",
  "isWinner" : "true",
  "Awards" : "4",
  "Year" : "2010",
  "Title" : "The King's Speech",
  "Nomination" : "12"
}, {
  "Epoch Time of Scrape" : "1749558198755",
  "isWinner" : "false",
  "Awards" : "4",
  "Year" : "2010",
  "Title" : "Inception",
  "Nomination" : "8"
}, {
  "Epoch Time of Scrape" : "1749558198858",
  "isWinner" : "false",
  "Awards" : "3",
  "Year" : "2010",
  "Title" : "The Social Network",
  "Nomination" : "8"
}, {
  "Epoch Time of Scrape" : "1749558198969",
  "isWinner" : "false",
  "Awards" : "2",
  "Year" : "2010",
  "Title" : "The Fighter",
  "Nomination" : "7"
}, {
  "Epoch Time of Scrape" : "1749558199054",
  "isWinner" : "false",
  "Awards" : "2",
  "Year" : "2010",
  "Title" : "Toy Story 3",
  "Nomination" : "5"
} ]

[INFO ] 2025-06-10 17:53:19.334 scraper.listener.Listener 26 - testCase02 Passed and Ended [Test worker]
]]></system-out>
  <system-err><![CDATA[Jun 10, 2025 5:52:46 PM org.openqa.selenium.devtools.CdpVersionFinder findNearestMatch
WARNING: Unable to find CDP implementation matching 137
Jun 10, 2025 5:52:46 PM org.openqa.selenium.chromium.ChromiumDriver lambda$new$5
WARNING: Unable to find version of CDP to use for 137.0.7151.69. You may need to include a dependency on a specific version of the CDP using something similar to `org.seleniumhq.selenium:selenium-devtools-v86:4.21.0` where the version ("v86") matches the version of the chromium-based browser you're using and the version number of the artifact is the same as Selenium's.
Jun 10, 2025 5:52:58 PM org.openqa.selenium.devtools.CdpVersionFinder findNearestMatch
WARNING: Unable to find CDP implementation matching 137
Jun 10, 2025 5:52:58 PM org.openqa.selenium.chromium.ChromiumDriver lambda$new$5
WARNING: Unable to find version of CDP to use for 137.0.7151.69. You may need to include a dependency on a specific version of the CDP using something similar to `org.seleniumhq.selenium:selenium-devtools-v86:4.21.0` where the version ("v86") matches the version of the chromium-based browser you're using and the version number of the artifact is the same as Selenium's.
]]></system-err>
</testsuite>
