<?xml version="1.0" encoding="UTF-8"?>
<testsuite name="scraper.testcases.TestCases" tests="2" skipped="0" failures="0" errors="0" timestamp="2025-06-11T06:10:54" hostname="LAKESH-LAPTOP" time="37.268">
  <properties/>
  <testcase name="testCase01" classname="scraper.testcases.TestCases" time="17.103"/>
  <testcase name="testCase02" classname="scraper.testcases.TestCases" time="19.965"/>
  <system-out><![CDATA[
[INFO ] 2025-06-11 11:40:54.636 scraper.listener.Listener 17 - testCase01 : Started [Test worker]

[TRACE] 2025-06-11 11:40:54.637 scraper.listener.Listener 18 - testCase01 : Description : Go to "https://www.scrapethissite.com/pages" website and click on "Hockey Teams: Forms, Searching and Pagination"
* 1. Iterate through the table and collect the Team Name, Year and Win % for
* the teams with Win % less than 40% (0.40)
* 2. Iterate through 4 pages of this data and store it in an ArrayList
* 3. Convert the ArrayList object to a JSON file named hockey-team-data.json.
* Each Hashmap object should contain:
* a. Epoch Time of Scrape
* b. Team Name
* c. Year
* d. Win % [Test worker]
[ {
  "Team Name" : "Buffalo Sabres",
  "Epoch Time of Scrap" : "1749622260368",
  "Year" : "1990",
  "Win %" : "0.388"
}, {
  "Team Name" : "Hartford Whalers",
  "Epoch Time of Scrap" : "1749622260431",
  "Year" : "1990",
  "Win %" : "0.388"
}, {
  "Team Name" : "Minnesota North Stars",
  "Epoch Time of Scrap" : "1749622260460",
  "Year" : "1990",
  "Win %" : "0.338"
}, {
  "Team Name" : "New York Islanders",
  "Epoch Time of Scrap" : "1749622260504",
  "Year" : "1990",
  "Win %" : "0.312"
}, {
  "Team Name" : "Quebec Nordiques",
  "Epoch Time of Scrap" : "1749622260577",
  "Year" : "1990",
  "Win %" : "0.2"
}, {
  "Team Name" : "Toronto Maple Leafs",
  "Epoch Time of Scrap" : "1749622260616",
  "Year" : "1990",
  "Win %" : "0.287"
}, {
  "Team Name" : "Vancouver Canucks",
  "Epoch Time of Scrap" : "1749622260681",
  "Year" : "1990",
  "Win %" : "0.35"
}, {
  "Team Name" : "Winnipeg Jets",
  "Epoch Time of Scrap" : "1749622260713",
  "Year" : "1990",
  "Win %" : "0.325"
}, {
  "Team Name" : "Buffalo Sabres",
  "Epoch Time of Scrap" : "1749622260760",
  "Year" : "1991",
  "Win %" : "0.388"
}, {
  "Team Name" : "Calgary Flames",
  "Epoch Time of Scrap" : "1749622260792",
  "Year" : "1991",
  "Win %" : "0.388"
}, {
  "Team Name" : "Hartford Whalers",
  "Epoch Time of Scrap" : "1749622261725",
  "Year" : "1991",
  "Win %" : "0.325"
}, {
  "Team Name" : "Quebec Nordiques",
  "Epoch Time of Scrap" : "1749622261804",
  "Year" : "1991",
  "Win %" : "0.25"
}, {
  "Team Name" : "San Jose Sharks",
  "Epoch Time of Scrap" : "1749622261845",
  "Year" : "1991",
  "Win %" : "0.212"
}, {
  "Team Name" : "Toronto Maple Leafs",
  "Epoch Time of Scrap" : "1749622261879",
  "Year" : "1991",
  "Win %" : "0.375"
}, {
  "Team Name" : "Edmonton Oilers",
  "Epoch Time of Scrap" : "1749622261974",
  "Year" : "1992",
  "Win %" : "0.31"
}, {
  "Team Name" : "Hartford Whalers",
  "Epoch Time of Scrap" : "1749622262006",
  "Year" : "1992",
  "Win %" : "0.31"
}, {
  "Team Name" : "Ottawa Senators",
  "Epoch Time of Scrap" : "1749622263045",
  "Year" : "1992",
  "Win %" : "0.119"
}, {
  "Team Name" : "San Jose Sharks",
  "Epoch Time of Scrap" : "1749622263092",
  "Year" : "1992",
  "Win %" : "0.131"
}, {
  "Team Name" : "Tampa Bay Lightning",
  "Epoch Time of Scrap" : "1749622263172",
  "Year" : "1992",
  "Win %" : "0.274"
}, {
  "Team Name" : "Mighty Ducks of Anaheim",
  "Epoch Time of Scrap" : "1749622263244",
  "Year" : "1993",
  "Win %" : "0.393"
}, {
  "Team Name" : "Edmonton Oilers",
  "Epoch Time of Scrap" : "1749622263323",
  "Year" : "1993",
  "Win %" : "0.298"
}, {
  "Team Name" : "Florida Panthers",
  "Epoch Time of Scrap" : "1749622271193",
  "Year" : "1993",
  "Win %" : "0.393"
}, {
  "Team Name" : "Hartford Whalers",
  "Epoch Time of Scrap" : "1749622271234",
  "Year" : "1993",
  "Win %" : "0.321"
}, {
  "Team Name" : "Los Angeles Kings",
  "Epoch Time of Scrap" : "1749622271259",
  "Year" : "1993",
  "Win %" : "0.321"
}, {
  "Team Name" : "Ottawa Senators",
  "Epoch Time of Scrap" : "1749622271322",
  "Year" : "1993",
  "Win %" : "0.167"
}, {
  "Team Name" : "San Jose Sharks",
  "Epoch Time of Scrap" : "1749622271369",
  "Year" : "1993",
  "Win %" : "0.393"
}, {
  "Team Name" : "Tampa Bay Lightning",
  "Epoch Time of Scrap" : "1749622271426",
  "Year" : "1993",
  "Win %" : "0.357"
}, {
  "Team Name" : "Winnipeg Jets",
  "Epoch Time of Scrap" : "1749622271474",
  "Year" : "1993",
  "Win %" : "0.286"
}, {
  "Team Name" : "Mighty Ducks of Anaheim",
  "Epoch Time of Scrap" : "1749622271522",
  "Year" : "1994",
  "Win %" : "0.333"
}, {
  "Team Name" : "Dallas Stars",
  "Epoch Time of Scrap" : "1749622271569",
  "Year" : "1994",
  "Win %" : "0.354"
} ]

[INFO ] 2025-06-11 11:41:11.927 scraper.listener.Listener 26 - testCase01 Passed and Ended [Test worker]

[INFO ] 2025-06-11 11:41:11.931 scraper.listener.Listener 17 - testCase02 : Started [Test worker]

[TRACE] 2025-06-11 11:41:11.931 scraper.listener.Listener 18 - testCase02 : Description : Go to "https://www.scrapethissite.com/pages" website and click on "Oscar Winning Films"
* 1. Click on each year present on the screen and find the top 5 movies on the
* list - store in an ArrayList.
* 2. Keep a Boolean variable "isWinner" which will be true only for the best
* picture winner of that year.
* 3. Keep a variable to maintain the year from which the data is scraped
* 4. Convert the ArrayList object to a JSON file named oscar-winner-data.json.
* Each HashMap object should contain:
* a. Epoch Time of Scrape
* b. Year
* c. Title
* d. Nomination
* e. Awards
* f. isWinner
* 5. Store the file in the output folder in the root directory. Assert using
* TestNG that the file is present and not empty [Test worker]
[ {
  "Epoch Time of Scrape" : "1749622279055",
  "isWinner" : "true",
  "Awards" : "2",
  "Year" : "2015",
  "Title" : "Spotlight",
  "Nomination" : "6"
}, {
  "Epoch Time of Scrape" : "1749622279119",
  "isWinner" : "false",
  "Awards" : "6",
  "Year" : "2015",
  "Title" : "Mad Max: Fury Road",
  "Nomination" : "10"
}, {
  "Epoch Time of Scrape" : "1749622279169",
  "isWinner" : "false",
  "Awards" : "3",
  "Year" : "2015",
  "Title" : "The Revenant",
  "Nomination" : "12"
}, {
  "Epoch Time of Scrape" : "1749622279221",
  "isWinner" : "false",
  "Awards" : "1",
  "Year" : "2015",
  "Title" : "Bridge of Spies",
  "Nomination" : "6"
}, {
  "Epoch Time of Scrape" : "1749622279269",
  "isWinner" : "false",
  "Awards" : "1",
  "Year" : "2015",
  "Title" : "The Big Short",
  "Nomination" : "5"
}, {
  "Epoch Time of Scrape" : "1749622281549",
  "isWinner" : "true",
  "Awards" : "4",
  "Year" : "2014",
  "Title" : "Birdman",
  "Nomination" : "9"
}, {
  "Epoch Time of Scrape" : "1749622281596",
  "isWinner" : "false",
  "Awards" : "4",
  "Year" : "2014",
  "Title" : "The Grand Budapest Hotel",
  "Nomination" : "9"
}, {
  "Epoch Time of Scrape" : "1749622281644",
  "isWinner" : "false",
  "Awards" : "3",
  "Year" : "2014",
  "Title" : "Whiplash",
  "Nomination" : "5"
}, {
  "Epoch Time of Scrape" : "1749622281692",
  "isWinner" : "false",
  "Awards" : "1",
  "Year" : "2014",
  "Title" : "The Imitation Game",
  "Nomination" : "8"
}, {
  "Epoch Time of Scrape" : "1749622281739",
  "isWinner" : "false",
  "Awards" : "1",
  "Year" : "2014",
  "Title" : "American Sniper",
  "Nomination" : "6"
}, {
  "Epoch Time of Scrape" : "1749622284030",
  "isWinner" : "true",
  "Awards" : "3",
  "Year" : "2013",
  "Title" : "12 Years a Slave",
  "Nomination" : "9"
}, {
  "Epoch Time of Scrape" : "1749622284076",
  "isWinner" : "false",
  "Awards" : "7",
  "Year" : "2013",
  "Title" : "Gravity",
  "Nomination" : "10"
}, {
  "Epoch Time of Scrape" : "1749622284166",
  "isWinner" : "false",
  "Awards" : "3",
  "Year" : "2013",
  "Title" : "Dallas Buyers Club",
  "Nomination" : "6"
}, {
  "Epoch Time of Scrape" : "1749622284234",
  "isWinner" : "false",
  "Awards" : "2",
  "Year" : "2013",
  "Title" : "Frozen",
  "Nomination" : "2"
}, {
  "Epoch Time of Scrape" : "1749622284297",
  "isWinner" : "false",
  "Awards" : "2",
  "Year" : "2013",
  "Title" : "The Great Gatsby",
  "Nomination" : "2"
}, {
  "Epoch Time of Scrape" : "1749622286534",
  "isWinner" : "true",
  "Awards" : "3",
  "Year" : "2012",
  "Title" : "Argo",
  "Nomination" : "7"
}, {
  "Epoch Time of Scrape" : "1749622286613",
  "isWinner" : "false",
  "Awards" : "4",
  "Year" : "2012",
  "Title" : "Life of Pi",
  "Nomination" : "11"
}, {
  "Epoch Time of Scrape" : "1749622286676",
  "isWinner" : "false",
  "Awards" : "3",
  "Year" : "2012",
  "Title" : "Les Misérables",
  "Nomination" : "8"
}, {
  "Epoch Time of Scrape" : "1749622286745",
  "isWinner" : "false",
  "Awards" : "2",
  "Year" : "2012",
  "Title" : "Lincoln",
  "Nomination" : "12"
}, {
  "Epoch Time of Scrape" : "1749622286787",
  "isWinner" : "false",
  "Awards" : "2",
  "Year" : "2012",
  "Title" : "Django Unchained",
  "Nomination" : "5"
}, {
  "Epoch Time of Scrape" : "1749622289082",
  "isWinner" : "true",
  "Awards" : "5",
  "Year" : "2011",
  "Title" : "The Artist",
  "Nomination" : "10"
}, {
  "Epoch Time of Scrape" : "1749622289130",
  "isWinner" : "false",
  "Awards" : "5",
  "Year" : "2011",
  "Title" : "Hugo",
  "Nomination" : "11"
}, {
  "Epoch Time of Scrape" : "1749622289194",
  "isWinner" : "false",
  "Awards" : "2",
  "Year" : "2011",
  "Title" : "The Iron Lady",
  "Nomination" : "2"
}, {
  "Epoch Time of Scrape" : "1749622289228",
  "isWinner" : "false",
  "Awards" : "1",
  "Year" : "2011",
  "Title" : "The Descendants",
  "Nomination" : "5"
}, {
  "Epoch Time of Scrape" : "1749622289273",
  "isWinner" : "false",
  "Awards" : "1",
  "Year" : "2011",
  "Title" : "The Girl with the Dragon Tattoo",
  "Nomination" : "5"
}, {
  "Epoch Time of Scrape" : "1749622291563",
  "isWinner" : "true",
  "Awards" : "4",
  "Year" : "2010",
  "Title" : "The King's Speech",
  "Nomination" : "12"
}, {
  "Epoch Time of Scrape" : "1749622291642",
  "isWinner" : "false",
  "Awards" : "4",
  "Year" : "2010",
  "Title" : "Inception",
  "Nomination" : "8"
}, {
  "Epoch Time of Scrape" : "1749622291706",
  "isWinner" : "false",
  "Awards" : "3",
  "Year" : "2010",
  "Title" : "The Social Network",
  "Nomination" : "8"
}, {
  "Epoch Time of Scrape" : "1749622291769",
  "isWinner" : "false",
  "Awards" : "2",
  "Year" : "2010",
  "Title" : "The Fighter",
  "Nomination" : "7"
}, {
  "Epoch Time of Scrape" : "1749622291842",
  "isWinner" : "false",
  "Awards" : "2",
  "Year" : "2010",
  "Title" : "Toy Story 3",
  "Nomination" : "5"
} ]

[INFO ] 2025-06-11 11:41:32.102 scraper.listener.Listener 26 - testCase02 Passed and Ended [Test worker]
]]></system-out>
  <system-err><![CDATA[Jun 11, 2025 11:40:55 AM org.openqa.selenium.devtools.CdpVersionFinder findNearestMatch
WARNING: Unable to find CDP implementation matching 137
Jun 11, 2025 11:40:55 AM org.openqa.selenium.chromium.ChromiumDriver lambda$new$5
WARNING: Unable to find version of CDP to use for 137.0.7151.103. You may need to include a dependency on a specific version of the CDP using something similar to `org.seleniumhq.selenium:selenium-devtools-v86:4.21.0` where the version ("v86") matches the version of the chromium-based browser you're using and the version number of the artifact is the same as Selenium's.
Jun 11, 2025 11:41:12 AM org.openqa.selenium.devtools.CdpVersionFinder findNearestMatch
WARNING: Unable to find CDP implementation matching 137
Jun 11, 2025 11:41:12 AM org.openqa.selenium.chromium.ChromiumDriver lambda$new$5
WARNING: Unable to find version of CDP to use for 137.0.7151.103. You may need to include a dependency on a specific version of the CDP using something similar to `org.seleniumhq.selenium:selenium-devtools-v86:4.21.0` where the version ("v86") matches the version of the chromium-based browser you're using and the version number of the artifact is the same as Selenium's.
]]></system-err>
</testsuite>
